2023-07-02 22:49:14,629 INFO  [Log] **************************************************************************************** 
2023-07-02 22:49:14,629 INFO  [Log] **************************************************************************************** 
2023-07-02 22:49:14,635 INFO  [Log] $$$$$$$$$$$$$$$$$$$$$                 My batch 16 test case starts here       $$$$$$$$$$$$$$$$$$$$$$$$$ 
2023-07-02 22:49:14,635 INFO  [Log] **************************************************************************************** 
2023-07-02 22:49:14,635 INFO  [Log] **************************************************************************************** 
2023-07-02 22:49:14,905 INFO  [Log] my username has been entered 
2023-07-02 22:49:15,082 INFO  [Log] My password has been entered 
2023-07-02 23:16:51,909 INFO  [Log] **************************************************************************************** 
2023-07-02 23:16:51,910 INFO  [Log] **************************************************************************************** 
2023-07-02 23:16:51,919 INFO  [Log] $$$$$$$$$$$$$$$$$$$$$                 My batch 16 test case starts here       $$$$$$$$$$$$$$$$$$$$$$$$$ 
2023-07-02 23:16:51,919 INFO  [Log] **************************************************************************************** 
2023-07-02 23:16:51,919 INFO  [Log] **************************************************************************************** 
2023-07-02 23:16:52,176 INFO  [Log] my username has been entered 
2023-07-02 23:16:52,394 INFO  [Log] My password has been entered 
2023-07-04 23:25:40,795 INFO  [Log] **************************************************************************************** 
2023-07-04 23:25:40,795 INFO  [Log] **************************************************************************************** 
2023-07-04 23:25:40,795 INFO  [Log] $$$$$$$$$$$$$$$$$$$$$                 My batch 16 test case starts here       $$$$$$$$$$$$$$$$$$$$$$$$$ 
2023-07-04 23:25:40,795 INFO  [Log] **************************************************************************************** 
2023-07-04 23:25:40,795 INFO  [Log] **************************************************************************************** 
2023-07-04 23:25:41,090 INFO  [Log] my username has been entered 
2023-07-04 23:25:41,326 INFO  [Log] My password has been entered 
2023-07-04 23:27:24,016 INFO  [Log] **************************************************************************************** 
2023-07-04 23:27:24,018 INFO  [Log] **************************************************************************************** 
2023-07-04 23:27:24,018 INFO  [Log] $$$$$$$$$$$$$$$$$$$$$                 My batch 16 test case starts here       $$$$$$$$$$$$$$$$$$$$$$$$$ 
2023-07-04 23:27:24,018 INFO  [Log] **************************************************************************************** 
2023-07-04 23:27:24,018 INFO  [Log] **************************************************************************************** 
2023-07-04 23:27:24,303 INFO  [Log] my username has been entered 
2023-07-04 23:27:24,543 INFO  [Log] My password has been entered 
2023-07-04 23:28:52,526 INFO  [Log] **************************************************************************************** 
2023-07-04 23:28:52,528 INFO  [Log] **************************************************************************************** 
2023-07-04 23:28:52,534 INFO  [Log] $$$$$$$$$$$$$$$$$$$$$                 My batch 16 test case starts here       $$$$$$$$$$$$$$$$$$$$$$$$$ 
2023-07-04 23:28:52,535 INFO  [Log] **************************************************************************************** 
2023-07-04 23:28:52,535 INFO  [Log] **************************************************************************************** 
2023-07-04 23:28:52,851 INFO  [Log] my username has been entered 
2023-07-04 23:28:53,094 INFO  [Log] My password has been entered 
2023-07-06 05:13:46,662 INFO  [Log] **************************************************************************************** 
2023-07-06 05:13:46,663 INFO  [Log] **************************************************************************************** 
2023-07-06 05:13:46,669 INFO  [Log] $$$$$$$$$$$$$$$$$$$$$                 My batch 16 test case starts here       $$$$$$$$$$$$$$$$$$$$$$$$$ 
2023-07-06 05:13:46,669 INFO  [Log] **************************************************************************************** 
2023-07-06 05:13:46,669 INFO  [Log] **************************************************************************************** 
2023-07-06 05:13:46,891 INFO  [Log] my username has been entered 
2023-07-06 05:13:47,070 INFO  [Log] My password has been entered 
2023-07-06 05:18:01,407 INFO  [Log] **************************************************************************************** 
2023-07-06 05:18:01,408 INFO  [Log] **************************************************************************************** 
2023-07-06 05:18:01,416 INFO  [Log] $$$$$$$$$$$$$$$$$$$$$                 My batch 16 test case starts here       $$$$$$$$$$$$$$$$$$$$$$$$$ 
2023-07-06 05:18:01,416 INFO  [Log] **************************************************************************************** 
2023-07-06 05:18:01,416 INFO  [Log] **************************************************************************************** 
2023-07-06 05:18:01,618 INFO  [Log] my username has been entered 
2023-07-06 05:18:01,809 INFO  [Log] My password has been entered 
2023-07-06 05:19:39,217 INFO  [Log] **************************************************************************************** 
2023-07-06 05:19:39,218 INFO  [Log] **************************************************************************************** 
2023-07-06 05:19:39,225 INFO  [Log] $$$$$$$$$$$$$$$$$$$$$                 My batch 16 test case starts here       $$$$$$$$$$$$$$$$$$$$$$$$$ 
2023-07-06 05:19:39,225 INFO  [Log] **************************************************************************************** 
2023-07-06 05:19:39,225 INFO  [Log] **************************************************************************************** 
2023-07-06 05:19:39,409 INFO  [Log] my username has been entered 
2023-07-06 05:19:39,601 INFO  [Log] My password has been entered 
2023-07-06 05:21:17,650 INFO  [Log] **************************************************************************************** 
2023-07-06 05:21:17,651 INFO  [Log] **************************************************************************************** 
2023-07-06 05:21:17,658 INFO  [Log] $$$$$$$$$$$$$$$$$$$$$                 My batch 16 test case starts here       $$$$$$$$$$$$$$$$$$$$$$$$$ 
2023-07-06 05:21:17,658 INFO  [Log] **************************************************************************************** 
2023-07-06 05:21:17,658 INFO  [Log] **************************************************************************************** 
2023-07-06 05:21:17,959 INFO  [Log] my username has been entered 
2023-07-06 05:21:18,151 INFO  [Log] My password has been entered 
2023-07-26 16:17:50,587 INFO  [Log] **************************************************************************************** 
2023-07-26 16:17:50,587 INFO  [Log] **************************************************************************************** 
2023-07-26 16:17:50,589 INFO  [Log] $$$$$$$$$$$$$$$$$$$$$                 My batch 16 test case starts here       $$$$$$$$$$$$$$$$$$$$$$$$$ 
2023-07-26 16:17:50,589 INFO  [Log] **************************************************************************************** 
2023-07-26 16:17:50,589 INFO  [Log] **************************************************************************************** 
2023-07-26 16:17:50,672 INFO  [Log] my username has been entered 
2023-07-26 16:17:50,737 INFO  [Log] My password has been entered 
2023-07-26 21:16:17,894 INFO  [Log] **************************************************************************************** 
2023-07-26 21:16:17,895 INFO  [Log] **************************************************************************************** 
2023-07-26 21:16:17,898 INFO  [Log] $$$$$$$$$$$$$$$$$$$$$                 My batch 16 test case starts here       $$$$$$$$$$$$$$$$$$$$$$$$$ 
2023-07-26 21:16:17,898 INFO  [Log] **************************************************************************************** 
2023-07-26 21:16:17,898 INFO  [Log] **************************************************************************************** 
2023-07-26 21:16:17,999 INFO  [Log] my username has been entered 
2023-07-26 21:16:18,107 INFO  [Log] My password has been entered 
2023-07-26 21:26:18,691 INFO  [Log] **************************************************************************************** 
2023-07-26 21:26:18,691 INFO  [Log] **************************************************************************************** 
2023-07-26 21:26:18,695 INFO  [Log] $$$$$$$$$$$$$$$$$$$$$                 My batch 16 test case starts here       $$$$$$$$$$$$$$$$$$$$$$$$$ 
2023-07-26 21:26:18,695 INFO  [Log] **************************************************************************************** 
2023-07-26 21:26:18,695 INFO  [Log] **************************************************************************************** 
2023-07-26 21:26:18,796 INFO  [Log] my username has been entered 
2023-07-26 21:26:18,893 INFO  [Log] My password has been entered 
2023-08-07 19:33:12,497 INFO  [Log] **************************************************************************************** 
2023-08-07 19:33:12,497 INFO  [Log] **************************************************************************************** 
2023-08-07 19:33:12,500 INFO  [Log] $$$$$$$$$$$$$$$$$$$$$                 My batch 16 test case starts here       $$$$$$$$$$$$$$$$$$$$$$$$$ 
2023-08-07 19:33:12,500 INFO  [Log] **************************************************************************************** 
2023-08-07 19:33:12,500 INFO  [Log] **************************************************************************************** 
2023-08-07 19:33:12,587 INFO  [Log] my username has been entered 
2023-08-07 19:33:12,659 INFO  [Log] My password has been entered 
2023-08-07 19:34:53,041 INFO  [Log] **************************************************************************************** 
2023-08-07 19:34:53,042 INFO  [Log] **************************************************************************************** 
2023-08-07 19:34:53,045 INFO  [Log] $$$$$$$$$$$$$$$$$$$$$                 My batch 16 test case starts here       $$$$$$$$$$$$$$$$$$$$$$$$$ 
2023-08-07 19:34:53,045 INFO  [Log] **************************************************************************************** 
2023-08-07 19:34:53,045 INFO  [Log] **************************************************************************************** 
2023-08-07 19:34:53,138 INFO  [Log] my username has been entered 
2023-08-07 19:34:53,218 INFO  [Log] My password has been entered 
2023-08-07 20:07:25,416 INFO  [Log] **************************************************************************************** 
2023-08-07 20:07:25,416 INFO  [Log] **************************************************************************************** 
2023-08-07 20:07:25,421 INFO  [Log] $$$$$$$$$$$$$$$$$$$$$                 My batch 16 test case starts here       $$$$$$$$$$$$$$$$$$$$$$$$$ 
2023-08-07 20:07:25,421 INFO  [Log] **************************************************************************************** 
2023-08-07 20:07:25,421 INFO  [Log] **************************************************************************************** 
2023-08-07 20:07:25,514 INFO  [Log] my username has been entered 
2023-08-07 20:07:25,594 INFO  [Log] My password has been entered 
2023-08-21 14:25:47,739 INFO  [Log] **************************************************************************************** 
2023-08-21 14:25:47,740 INFO  [Log] **************************************************************************************** 
2023-08-21 14:25:47,741 INFO  [Log] $$$$$$$$$$$$$$$$$$$$$                 My batch 16 test case starts here       $$$$$$$$$$$$$$$$$$$$$$$$$ 
2023-08-21 14:25:47,742 INFO  [Log] **************************************************************************************** 
2023-08-21 14:25:47,742 INFO  [Log] **************************************************************************************** 
2023-08-21 14:25:47,846 INFO  [Log] my username has been entered 
2023-08-21 14:25:47,892 INFO  [Log] My password has been entered 
2023-08-21 14:46:16,612 INFO  [Log] **************************************************************************************** 
2023-08-21 14:46:16,612 INFO  [Log] **************************************************************************************** 
2023-08-21 14:46:16,614 INFO  [Log] $$$$$$$$$$$$$$$$$$$$$                 My batch 16 test case starts here       $$$$$$$$$$$$$$$$$$$$$$$$$ 
2023-08-21 14:46:16,614 INFO  [Log] **************************************************************************************** 
2023-08-21 14:46:16,614 INFO  [Log] **************************************************************************************** 
2023-08-21 14:46:16,712 INFO  [Log] my username has been entered 
2023-08-21 14:46:16,758 INFO  [Log] My password has been entered 
2023-08-21 14:48:01,777 INFO  [Log] **************************************************************************************** 
2023-08-21 14:48:01,777 INFO  [Log] **************************************************************************************** 
2023-08-21 14:48:01,779 INFO  [Log] $$$$$$$$$$$$$$$$$$$$$                 My batch 16 test case starts here       $$$$$$$$$$$$$$$$$$$$$$$$$ 
2023-08-21 14:48:01,779 INFO  [Log] **************************************************************************************** 
2023-08-21 14:48:01,779 INFO  [Log] **************************************************************************************** 
2023-08-21 14:48:01,901 INFO  [Log] my username has been entered 
2023-08-21 14:48:01,943 INFO  [Log] My password has been entered 
2023-08-21 14:49:15,029 INFO  [Log] **************************************************************************************** 
2023-08-21 14:49:15,030 INFO  [Log] **************************************************************************************** 
2023-08-21 14:49:15,032 INFO  [Log] $$$$$$$$$$$$$$$$$$$$$                 My batch 16 test case starts here       $$$$$$$$$$$$$$$$$$$$$$$$$ 
2023-08-21 14:49:15,032 INFO  [Log] **************************************************************************************** 
2023-08-21 14:49:15,032 INFO  [Log] **************************************************************************************** 
2023-08-21 14:49:15,141 INFO  [Log] my username has been entered 
2023-08-21 14:49:15,185 INFO  [Log] My password has been entered 
2023-08-23 20:41:24,591 INFO  [Log] **************************************************************************************** 
2023-08-23 20:41:24,592 INFO  [Log] **************************************************************************************** 
2023-08-23 20:41:24,601 INFO  [Log] $$$$$$$$$$$$$$$$$$$$$                 My batch 16 test case starts here       $$$$$$$$$$$$$$$$$$$$$$$$$ 
2023-08-23 20:41:24,602 INFO  [Log] **************************************************************************************** 
2023-08-23 20:41:24,602 INFO  [Log] **************************************************************************************** 
2023-08-23 20:41:24,839 INFO  [Log] my username has been entered 
2023-08-23 20:41:25,040 INFO  [Log] My password has been entered 
2023-08-24 15:05:52,624 INFO  [Log] **************************************************************************************** 
2023-08-24 15:05:52,626 INFO  [Log] **************************************************************************************** 
2023-08-24 15:05:52,631 INFO  [Log] $$$$$$$$$$$$$$$$$$$$$                 My batch 16 test case starts here       $$$$$$$$$$$$$$$$$$$$$$$$$ 
2023-08-24 15:05:52,631 INFO  [Log] **************************************************************************************** 
2023-08-24 15:05:52,632 INFO  [Log] **************************************************************************************** 
2023-08-24 15:05:52,882 INFO  [Log] my username has been entered 
2023-08-24 15:05:53,056 INFO  [Log] My password has been entered 
2023-08-24 15:26:37,048 INFO  [Log] **************************************************************************************** 
2023-08-24 15:26:37,048 INFO  [Log] **************************************************************************************** 
2023-08-24 15:26:37,059 INFO  [Log] $$$$$$$$$$$$$$$$$$$$$                 My batch 16 test case starts here       $$$$$$$$$$$$$$$$$$$$$$$$$ 
2023-08-24 15:26:37,059 INFO  [Log] **************************************************************************************** 
2023-08-24 15:26:37,059 INFO  [Log] **************************************************************************************** 
2023-08-24 15:26:37,348 INFO  [Log] my username has been entered 
2023-08-24 15:26:37,537 INFO  [Log] My password has been entered 
2023-08-25 15:02:44,953 INFO  [Log] **************************************************************************************** 
2023-08-25 15:02:44,955 INFO  [Log] **************************************************************************************** 
2023-08-25 15:02:44,964 INFO  [Log] $$$$$$$$$$$$$$$$$$$$$                 My batch 16 test case starts here       $$$$$$$$$$$$$$$$$$$$$$$$$ 
2023-08-25 15:02:44,964 INFO  [Log] **************************************************************************************** 
2023-08-25 15:02:44,964 INFO  [Log] **************************************************************************************** 
2023-08-25 15:02:45,290 INFO  [Log] my username has been entered 
2023-08-25 15:02:45,525 INFO  [Log] My password has been entered 
2023-09-26 10:16:05,687 INFO  [Log] **************************************************************************************** 
2023-09-26 10:16:05,687 INFO  [Log] **************************************************************************************** 
2023-09-26 10:16:05,688 INFO  [Log] $$$$$$$$$$$$$$$$$$$$$                 My batch 16 test case starts here       $$$$$$$$$$$$$$$$$$$$$$$$$ 
2023-09-26 10:16:05,688 INFO  [Log] **************************************************************************************** 
2023-09-26 10:16:05,688 INFO  [Log] **************************************************************************************** 
2023-09-26 10:22:01,145 INFO  [Log] **************************************************************************************** 
2023-09-26 10:22:01,145 INFO  [Log] **************************************************************************************** 
2023-09-26 10:22:01,145 INFO  [Log] $$$$$$$$$$$$$$$$$$$$$                 My batch 16 test case starts here       $$$$$$$$$$$$$$$$$$$$$$$$$ 
2023-09-26 10:22:01,145 INFO  [Log] **************************************************************************************** 
2023-09-26 10:22:01,145 INFO  [Log] **************************************************************************************** 
2023-09-26 10:59:58,235 INFO  [Log] **************************************************************************************** 
2023-09-26 10:59:58,236 INFO  [Log] **************************************************************************************** 
2023-09-26 10:59:58,236 INFO  [Log] $$$$$$$$$$$$$$$$$$$$$                 CircleBi test start        $$$$$$$$$$$$$$$$$$$$$$$$$ 
2023-09-26 10:59:58,236 INFO  [Log] **************************************************************************************** 
2023-09-26 10:59:58,236 INFO  [Log] **************************************************************************************** 
2023-09-26 11:08:25,964 INFO  [Log] **************************************************************************************** 
2023-09-26 11:08:25,965 INFO  [Log] **************************************************************************************** 
2023-09-26 11:08:25,966 INFO  [Log] $$$$$$$$$$$$$$$$$$$$$                 CircleBi test start        $$$$$$$$$$$$$$$$$$$$$$$$$ 
2023-09-26 11:08:25,966 INFO  [Log] **************************************************************************************** 
2023-09-26 11:08:25,966 INFO  [Log] **************************************************************************************** 
2023-09-26 11:08:26,078 INFO  [Log] my username has been entered 
2023-09-26 11:08:26,191 INFO  [Log] My password has been entered 
2023-09-26 12:33:27,003 INFO  [Log] **************************************************************************************** 
2023-09-26 12:33:27,003 INFO  [Log] **************************************************************************************** 
2023-09-26 12:33:27,003 INFO  [Log] $$$$$$$$$$$$$$$$$$$$$                 CircleBi test start        $$$$$$$$$$$$$$$$$$$$$$$$$ 
2023-09-26 12:33:27,003 INFO  [Log] **************************************************************************************** 
2023-09-26 12:33:27,003 INFO  [Log] **************************************************************************************** 
2023-09-26 12:33:27,128 INFO  [Log] my username has been entered 
2023-09-26 12:33:27,228 INFO  [Log] My password has been entered 
2023-09-26 13:17:42,311 INFO  [Log] **************************************************************************************** 
2023-09-26 13:17:42,311 INFO  [Log] **************************************************************************************** 
2023-09-26 13:17:42,311 INFO  [Log] $$$$$$$$$$$$$$$$$$$$$                 CircleBi test start        $$$$$$$$$$$$$$$$$$$$$$$$$ 
2023-09-26 13:17:42,311 INFO  [Log] **************************************************************************************** 
2023-09-26 13:17:42,311 INFO  [Log] **************************************************************************************** 
2023-09-26 13:17:42,436 INFO  [Log] my username has been entered 
2023-09-26 13:17:42,540 INFO  [Log] My password has been entered 
2023-09-26 13:19:04,817 INFO  [Log] **************************************************************************************** 
2023-09-26 13:19:04,817 INFO  [Log] **************************************************************************************** 
2023-09-26 13:19:04,817 INFO  [Log] $$$$$$$$$$$$$$$$$$$$$                 CircleBi test start        $$$$$$$$$$$$$$$$$$$$$$$$$ 
2023-09-26 13:19:04,817 INFO  [Log] **************************************************************************************** 
2023-09-26 13:19:04,817 INFO  [Log] **************************************************************************************** 
2023-09-26 13:19:04,990 INFO  [Log] my username has been entered 
2023-09-26 13:19:05,137 INFO  [Log] My password has been entered 
2023-09-26 13:20:05,933 INFO  [Log] **************************************************************************************** 
2023-09-26 13:20:05,933 INFO  [Log] **************************************************************************************** 
2023-09-26 13:20:05,933 INFO  [Log] $$$$$$$$$$$$$$$$$$$$$                 CircleBi test start        $$$$$$$$$$$$$$$$$$$$$$$$$ 
2023-09-26 13:20:05,933 INFO  [Log] **************************************************************************************** 
2023-09-26 13:20:05,933 INFO  [Log] **************************************************************************************** 
2023-09-26 13:20:06,056 INFO  [Log] my username has been entered 
2023-09-26 13:20:06,199 INFO  [Log] My password has been entered 
2023-09-26 13:47:30,007 INFO  [Log] **************************************************************************************** 
2023-09-26 13:47:30,007 INFO  [Log] **************************************************************************************** 
2023-09-26 13:47:30,008 INFO  [Log] $$$$$$$$$$$$$$$$$$$$$                 CircleBi test start        $$$$$$$$$$$$$$$$$$$$$$$$$ 
2023-09-26 13:47:30,008 INFO  [Log] **************************************************************************************** 
2023-09-26 13:47:30,008 INFO  [Log] **************************************************************************************** 
2023-09-26 13:47:30,131 INFO  [Log] my username has been entered 
2023-09-26 13:47:30,240 INFO  [Log] My password has been entered 
2023-09-26 13:48:02,479 INFO  [Log] **************************************************************************************** 
2023-09-26 13:48:02,481 INFO  [Log] **************************************************************************************** 
2023-09-26 13:48:02,481 INFO  [Log] $$$$$$$$$$$$$$$$$$$$$                 CircleBi test start        $$$$$$$$$$$$$$$$$$$$$$$$$ 
2023-09-26 13:48:02,481 INFO  [Log] **************************************************************************************** 
2023-09-26 13:48:02,481 INFO  [Log] **************************************************************************************** 
2023-09-26 13:48:02,587 INFO  [Log] my username has been entered 
2023-09-26 13:48:02,684 INFO  [Log] My password has been entered 
2023-09-27 18:53:56,546 INFO  [Log] **************************************************************************************** 
2023-09-27 18:53:56,547 INFO  [Log] **************************************************************************************** 
2023-09-27 18:53:56,547 INFO  [Log] $$$$$$$$$$$$$$$$$$$$$                 CircleBi test start        $$$$$$$$$$$$$$$$$$$$$$$$$ 
2023-09-27 18:53:56,547 INFO  [Log] **************************************************************************************** 
2023-09-27 18:53:56,548 INFO  [Log] **************************************************************************************** 
2023-09-27 18:53:56,666 INFO  [Log] my username has been entered 
2023-09-27 18:53:56,781 INFO  [Log] My password has been entered 
2023-09-27 19:08:31,020 INFO  [Log] **************************************************************************************** 
2023-09-27 19:08:31,020 INFO  [Log] **************************************************************************************** 
2023-09-27 19:08:31,020 INFO  [Log] $$$$$$$$$$$$$$$$$$$$$                 CircleBi test start        $$$$$$$$$$$$$$$$$$$$$$$$$ 
2023-09-27 19:08:31,020 INFO  [Log] **************************************************************************************** 
2023-09-27 19:08:31,021 INFO  [Log] **************************************************************************************** 
2023-09-27 19:08:31,137 INFO  [Log] my username has been entered 
2023-09-27 19:08:31,248 INFO  [Log] My password has been entered 
2023-09-27 19:08:45,072 INFO  [Log] **************************************************************************************** 
2023-09-27 19:08:45,072 INFO  [Log] **************************************************************************************** 
2023-09-27 19:08:45,072 INFO  [Log] $$$$$$$$$$$$$$$$$$$$$                 CircleBi test start        $$$$$$$$$$$$$$$$$$$$$$$$$ 
2023-09-27 19:08:45,072 INFO  [Log] **************************************************************************************** 
2023-09-27 19:08:45,072 INFO  [Log] **************************************************************************************** 
2023-09-27 19:08:45,213 INFO  [Log] my username has been entered 
2023-09-27 19:08:45,315 INFO  [Log] My password has been entered 
2023-09-27 19:28:57,676 INFO  [Log] **************************************************************************************** 
2023-09-27 19:28:57,677 INFO  [Log] **************************************************************************************** 
2023-09-27 19:28:57,677 INFO  [Log] $$$$$$$$$$$$$$$$$$$$$                 CircleBi test start        $$$$$$$$$$$$$$$$$$$$$$$$$ 
2023-09-27 19:28:57,677 INFO  [Log] **************************************************************************************** 
2023-09-27 19:28:57,677 INFO  [Log] **************************************************************************************** 
2023-09-27 19:28:57,798 INFO  [Log] my username has been entered 
2023-09-27 19:28:57,909 INFO  [Log] My password has been entered 
2023-09-27 22:14:46,268 INFO  [Log] **************************************************************************************** 
2023-09-27 22:14:46,268 INFO  [Log] **************************************************************************************** 
2023-09-27 22:14:46,270 INFO  [Log] $$$$$$$$$$$$$$$$$$$$$                 CircleBi test start        $$$$$$$$$$$$$$$$$$$$$$$$$ 
2023-09-27 22:14:46,270 INFO  [Log] **************************************************************************************** 
2023-09-27 22:14:46,270 INFO  [Log] **************************************************************************************** 
2023-09-27 22:14:46,386 INFO  [Log] my username has been entered 
2023-09-27 22:14:46,500 INFO  [Log] My password has been entered 
2023-09-27 22:16:18,314 INFO  [Log] **************************************************************************************** 
2023-09-27 22:16:18,314 INFO  [Log] **************************************************************************************** 
2023-09-27 22:16:18,315 INFO  [Log] $$$$$$$$$$$$$$$$$$$$$                 CircleBi test start        $$$$$$$$$$$$$$$$$$$$$$$$$ 
2023-09-27 22:16:18,315 INFO  [Log] **************************************************************************************** 
2023-09-27 22:16:18,315 INFO  [Log] **************************************************************************************** 
2023-09-27 22:16:18,430 INFO  [Log] my username has been entered 
2023-09-27 22:16:18,533 INFO  [Log] My password has been entered 
2023-09-27 22:44:13,334 INFO  [Log] **************************************************************************************** 
2023-09-27 22:44:13,334 INFO  [Log] **************************************************************************************** 
2023-09-27 22:44:13,334 INFO  [Log] $$$$$$$$$$$$$$$$$$$$$                 CircleBi test start        $$$$$$$$$$$$$$$$$$$$$$$$$ 
2023-09-27 22:44:13,334 INFO  [Log] **************************************************************************************** 
2023-09-27 22:44:13,334 INFO  [Log] **************************************************************************************** 
2023-09-27 22:44:13,461 INFO  [Log] my username has been entered 
2023-09-27 22:44:13,583 INFO  [Log] My password has been entered 
2023-09-28 09:44:36,478 INFO  [Log] **************************************************************************************** 
2023-09-28 09:44:36,479 INFO  [Log] **************************************************************************************** 
2023-09-28 09:44:36,479 INFO  [Log] $$$$$$$$$$$$$$$$$$$$$                 CircleBi test start        $$$$$$$$$$$$$$$$$$$$$$$$$ 
2023-09-28 09:44:36,479 INFO  [Log] **************************************************************************************** 
2023-09-28 09:44:36,479 INFO  [Log] **************************************************************************************** 
2023-09-28 09:44:36,595 INFO  [Log] my username has been entered 
2023-09-28 09:44:36,701 INFO  [Log] My password has been entered 
2023-09-28 09:46:04,463 INFO  [Log] **************************************************************************************** 
2023-09-28 09:46:04,463 INFO  [Log] **************************************************************************************** 
2023-09-28 09:46:04,463 INFO  [Log] $$$$$$$$$$$$$$$$$$$$$                 CircleBi test start        $$$$$$$$$$$$$$$$$$$$$$$$$ 
2023-09-28 09:46:04,463 INFO  [Log] **************************************************************************************** 
2023-09-28 09:46:04,463 INFO  [Log] **************************************************************************************** 
2023-09-28 09:46:04,584 INFO  [Log] my username has been entered 
2023-09-28 09:46:04,700 INFO  [Log] My password has been entered 
2023-09-28 09:46:18,707 INFO  [Log] **************************************************************************************** 
2023-09-28 09:46:18,707 INFO  [Log] **************************************************************************************** 
2023-09-28 09:46:18,707 INFO  [Log] $$$$$$$$$$$$$$$$$$$$$                 CircleBi test start        $$$$$$$$$$$$$$$$$$$$$$$$$ 
2023-09-28 09:46:18,708 INFO  [Log] **************************************************************************************** 
2023-09-28 09:46:18,708 INFO  [Log] **************************************************************************************** 
2023-09-28 09:46:18,881 INFO  [Log] my username has been entered 
2023-09-28 09:46:19,016 INFO  [Log] My password has been entered 
2023-09-28 09:46:29,377 INFO  [Log] **************************************************************************************** 
2023-09-28 09:46:29,377 INFO  [Log] **************************************************************************************** 
2023-09-28 09:46:29,377 INFO  [Log] $$$$$$$$$$$$$$$$$$$$$                 CircleBi test start        $$$$$$$$$$$$$$$$$$$$$$$$$ 
2023-09-28 09:46:29,377 INFO  [Log] **************************************************************************************** 
2023-09-28 09:46:29,377 INFO  [Log] **************************************************************************************** 
2023-09-28 09:46:29,557 INFO  [Log] my username has been entered 
2023-09-28 09:46:29,714 INFO  [Log] My password has been entered 
2023-09-28 09:46:38,922 INFO  [Log] **************************************************************************************** 
2023-09-28 09:46:38,922 INFO  [Log] **************************************************************************************** 
2023-09-28 09:46:38,922 INFO  [Log] $$$$$$$$$$$$$$$$$$$$$                 CircleBi test start        $$$$$$$$$$$$$$$$$$$$$$$$$ 
2023-09-28 09:46:38,922 INFO  [Log] **************************************************************************************** 
2023-09-28 09:46:38,922 INFO  [Log] **************************************************************************************** 
2023-09-28 09:46:39,072 INFO  [Log] my username has been entered 
2023-09-28 09:46:39,175 INFO  [Log] My password has been entered 
